  stdafx.c
stdafx.c : warning C4819: 檔案含有無法在目前字碼頁 (950) 中表示的字元。請以 Unicode 格式儲存檔案以防止資料遺失
c:\workspace\work\c\visual studio\c語言\ch5_1060920\stdafx.h : warning C4819: 檔案含有無法在目前字碼頁 (950) 中表示的字元。請以 Unicode 格式儲存檔案以防止資料遺失
c:\workspace\work\c\visual studio\c語言\ch5_1060920\targetver.h : warning C4819: 檔案含有無法在目前字碼頁 (950) 中表示的字元。請以 Unicode 格式儲存檔案以防止資料遺失
  ex5_1.c
c:\workspace\work\c\visual studio\c語言\ch5_1060920\stdafx.h : warning C4819: 檔案含有無法在目前字碼頁 (950) 中表示的字元。請以 Unicode 格式儲存檔案以防止資料遺失
c:\workspace\work\c\visual studio\c語言\ch5_1060920\targetver.h : warning C4819: 檔案含有無法在目前字碼頁 (950) 中表示的字元。請以 Unicode 格式儲存檔案以防止資料遺失
  ex5_2.c
c:\workspace\work\c\visual studio\c語言\ch5_1060920\stdafx.h : warning C4819: 檔案含有無法在目前字碼頁 (950) 中表示的字元。請以 Unicode 格式儲存檔案以防止資料遺失
c:\workspace\work\c\visual studio\c語言\ch5_1060920\targetver.h : warning C4819: 檔案含有無法在目前字碼頁 (950) 中表示的字元。請以 Unicode 格式儲存檔案以防止資料遺失
  ex5_3.c
c:\workspace\work\c\visual studio\c語言\ch5_1060920\stdafx.h : warning C4819: 檔案含有無法在目前字碼頁 (950) 中表示的字元。請以 Unicode 格式儲存檔案以防止資料遺失
c:\workspace\work\c\visual studio\c語言\ch5_1060920\targetver.h : warning C4819: 檔案含有無法在目前字碼頁 (950) 中表示的字元。請以 Unicode 格式儲存檔案以防止資料遺失
  ex5_4.c
c:\workspace\work\c\visual studio\c語言\ch5_1060920\stdafx.h : warning C4819: 檔案含有無法在目前字碼頁 (950) 中表示的字元。請以 Unicode 格式儲存檔案以防止資料遺失
c:\workspace\work\c\visual studio\c語言\ch5_1060920\targetver.h : warning C4819: 檔案含有無法在目前字碼頁 (950) 中表示的字元。請以 Unicode 格式儲存檔案以防止資料遺失
  ex5_5.c
c:\workspace\work\c\visual studio\c語言\ch5_1060920\stdafx.h : warning C4819: 檔案含有無法在目前字碼頁 (950) 中表示的字元。請以 Unicode 格式儲存檔案以防止資料遺失
c:\workspace\work\c\visual studio\c語言\ch5_1060920\targetver.h : warning C4819: 檔案含有無法在目前字碼頁 (950) 中表示的字元。請以 Unicode 格式儲存檔案以防止資料遺失
  ex5_6.c
c:\workspace\work\c\visual studio\c語言\ch5_1060920\stdafx.h : warning C4819: 檔案含有無法在目前字碼頁 (950) 中表示的字元。請以 Unicode 格式儲存檔案以防止資料遺失
c:\workspace\work\c\visual studio\c語言\ch5_1060920\targetver.h : warning C4819: 檔案含有無法在目前字碼頁 (950) 中表示的字元。請以 Unicode 格式儲存檔案以防止資料遺失
  ex5_7practice.c
c:\workspace\work\c\visual studio\c語言\ch5_1060920\stdafx.h : warning C4819: 檔案含有無法在目前字碼頁 (950) 中表示的字元。請以 Unicode 格式儲存檔案以防止資料遺失
c:\workspace\work\c\visual studio\c語言\ch5_1060920\targetver.h : warning C4819: 檔案含有無法在目前字碼頁 (950) 中表示的字元。請以 Unicode 格式儲存檔案以防止資料遺失
  ex5_7.c
c:\workspace\work\c\visual studio\c語言\ch5_1060920\stdafx.h : warning C4819: 檔案含有無法在目前字碼頁 (950) 中表示的字元。請以 Unicode 格式儲存檔案以防止資料遺失
c:\workspace\work\c\visual studio\c語言\ch5_1060920\targetver.h : warning C4819: 檔案含有無法在目前字碼頁 (950) 中表示的字元。請以 Unicode 格式儲存檔案以防止資料遺失
ex5_7.c(34): warning C4477: 'scanf' : 格式字串 '%d' 需要 'int *' 類型的引數，但 variadic 引數 1 的類型為 'char *'
  ex5_7.c(34): note: 請考慮在格式字串中使用 '%hhd'
  ex_debug.c
c:\workspace\work\c\visual studio\c語言\ch5_1060920\stdafx.h : warning C4819: 檔案含有無法在目前字碼頁 (950) 中表示的字元。請以 Unicode 格式儲存檔案以防止資料遺失
c:\workspace\work\c\visual studio\c語言\ch5_1060920\targetver.h : warning C4819: 檔案含有無法在目前字碼頁 (950) 中表示的字元。請以 Unicode 格式儲存檔案以防止資料遺失
  ex_practice.c
c:\workspace\work\c\visual studio\c語言\ch5_1060920\stdafx.h : warning C4819: 檔案含有無法在目前字碼頁 (950) 中表示的字元。請以 Unicode 格式儲存檔案以防止資料遺失
c:\workspace\work\c\visual studio\c語言\ch5_1060920\targetver.h : warning C4819: 檔案含有無法在目前字碼頁 (950) 中表示的字元。請以 Unicode 格式儲存檔案以防止資料遺失
  ex_practice_1.c
c:\workspace\work\c\visual studio\c語言\ch5_1060920\stdafx.h : warning C4819: 檔案含有無法在目前字碼頁 (950) 中表示的字元。請以 Unicode 格式儲存檔案以防止資料遺失
c:\workspace\work\c\visual studio\c語言\ch5_1060920\targetver.h : warning C4819: 檔案含有無法在目前字碼頁 (950) 中表示的字元。請以 Unicode 格式儲存檔案以防止資料遺失
ex_practice_1.c(9): warning C4101: 'j': 未參考的區域變數
  ex_practice_2.c
c:\workspace\work\c\visual studio\c語言\ch5_1060920\stdafx.h : warning C4819: 檔案含有無法在目前字碼頁 (950) 中表示的字元。請以 Unicode 格式儲存檔案以防止資料遺失
c:\workspace\work\c\visual studio\c語言\ch5_1060920\targetver.h : warning C4819: 檔案含有無法在目前字碼頁 (950) 中表示的字元。請以 Unicode 格式儲存檔案以防止資料遺失
ex_practice_2.c(9): warning C4101: 'j': 未參考的區域變數
  main.c
c:\workspace\work\c\visual studio\c語言\ch5_1060920\stdafx.h : warning C4819: 檔案含有無法在目前字碼頁 (950) 中表示的字元。請以 Unicode 格式儲存檔案以防止資料遺失
c:\workspace\work\c\visual studio\c語言\ch5_1060920\targetver.h : warning C4819: 檔案含有無法在目前字碼頁 (950) 中表示的字元。請以 Unicode 格式儲存檔案以防止資料遺失
  正在產生程式碼
c:\workspace\work\c\visual studio\c語言\ch5_1060920\ex_practice.c(20): warning C4716: 
c:\workspace\work\c\visual studio\c語言\ch5_1060920\ex_practice_2.c(20): warning C4716: 
c:\workspace\work\c\visual studio\c語言\ch5_1060920\ex_debug.c(16): warning C4716: 'ex_debug': 必須傳回值
c:\workspace\work\c\visual studio\c語言\ch5_1060920\ex_practice_1.c(25): warning C4716: 'ex_practice_1': 必須傳回值
c:\workspace\work\c\visual studio\c語言\ch5_1060920\ex5_1.c(30): warning C4716: 'ex5_1': 必須傳回值
  All 19 functions were compiled because no usable IPDB/IOBJ from previous compilation was found.
  已完成程式碼產生
  ch5_1060920.vcxproj -> C:\Workspace\work\C\Visual Studio\C語言\Release\ch05_1060920.exe
  ch5_1060920.vcxproj -> C:\Workspace\work\C\Visual Studio\C語言\Release\ch05_1060920.pdb (Full PDB)
