D:\Visual Studio\Common7\IDE\VC\VCTargets\Microsoft.CppBuild.targets(387,5): warning MSB8028: 中繼目錄 (Debug\) 包含從其他專案 (ch7_1061011.vcxproj) 共用的檔案。這可能導致錯誤的清除和重建行為。
  stdafx.c
  main.c
  ex7_9.c
  ex7_8.c
  ex7_7.c
d:\106ntuta-01\work\c\visual studio\c語言\ch7_1061011\ex7_7.c(17): warning C4013: 'swap7_7' 未定義; 假設 extern 傳回整數
  ex7_6.c
  ex7_5.c
d:\106ntuta-01\work\c\visual studio\c語言\ch7_1061011\ex7_5.c(10): warning C4133: '=': 不相容的類型 - 從 'float *' 至 'int *'
d:\106ntuta-01\work\c\visual studio\c語言\ch7_1061011\ex7_5.c(11): warning C4133: '=': 不相容的類型 - 從 'int *' 至 'float *'
  ex7_4.c
  ex7_3.c
  ex7_2.c
  ex7_11.c
  ex7_10.c
  ex7_1.c
  正在產生程式碼...
d:\106ntuta-01\work\c\visual studio\c語言\ch7_1061011\ex7_6.c(9): warning C4716: 'add10': 必須傳回值
d:\106ntuta-01\work\c\visual studio\c語言\ch7_1061011\ex7_7.c(31): warning C4716: 'swap7_7': 必須傳回值
  ch7_1061011.vcxproj -> D:\106NTUTA-01\work\C\Visual Studio\C語言\Debug\ch07_1061011.exe
