  ex6_1.c
c:\workspace\work\c\visual studio\c語言\ch6_1060927\stdafx.h : warning C4819: 檔案含有無法在目前字碼頁 (950) 中表示的字元。請以 Unicode 格式儲存檔案以防止資料遺失
c:\workspace\work\c\visual studio\c語言\ch6_1060927\targetver.h : warning C4819: 檔案含有無法在目前字碼頁 (950) 中表示的字元。請以 Unicode 格式儲存檔案以防止資料遺失
  ex6_10.c
c:\workspace\work\c\visual studio\c語言\ch6_1060927\stdafx.h : warning C4819: 檔案含有無法在目前字碼頁 (950) 中表示的字元。請以 Unicode 格式儲存檔案以防止資料遺失
c:\workspace\work\c\visual studio\c語言\ch6_1060927\targetver.h : warning C4819: 檔案含有無法在目前字碼頁 (950) 中表示的字元。請以 Unicode 格式儲存檔案以防止資料遺失
  ex6_1practice.c
c:\workspace\work\c\visual studio\c語言\ch6_1060927\stdafx.h : warning C4819: 檔案含有無法在目前字碼頁 (950) 中表示的字元。請以 Unicode 格式儲存檔案以防止資料遺失
c:\workspace\work\c\visual studio\c語言\ch6_1060927\targetver.h : warning C4819: 檔案含有無法在目前字碼頁 (950) 中表示的字元。請以 Unicode 格式儲存檔案以防止資料遺失
  ex6_1practice_2.c
c:\workspace\work\c\visual studio\c語言\ch6_1060927\stdafx.h : warning C4819: 檔案含有無法在目前字碼頁 (950) 中表示的字元。請以 Unicode 格式儲存檔案以防止資料遺失
c:\workspace\work\c\visual studio\c語言\ch6_1060927\targetver.h : warning C4819: 檔案含有無法在目前字碼頁 (950) 中表示的字元。請以 Unicode 格式儲存檔案以防止資料遺失
  ex6_2.c
c:\workspace\work\c\visual studio\c語言\ch6_1060927\stdafx.h : warning C4819: 檔案含有無法在目前字碼頁 (950) 中表示的字元。請以 Unicode 格式儲存檔案以防止資料遺失
c:\workspace\work\c\visual studio\c語言\ch6_1060927\targetver.h : warning C4819: 檔案含有無法在目前字碼頁 (950) 中表示的字元。請以 Unicode 格式儲存檔案以防止資料遺失
  ex6_2practice.c
c:\workspace\work\c\visual studio\c語言\ch6_1060927\stdafx.h : warning C4819: 檔案含有無法在目前字碼頁 (950) 中表示的字元。請以 Unicode 格式儲存檔案以防止資料遺失
c:\workspace\work\c\visual studio\c語言\ch6_1060927\targetver.h : warning C4819: 檔案含有無法在目前字碼頁 (950) 中表示的字元。請以 Unicode 格式儲存檔案以防止資料遺失
  ex6_2practice_2.c
c:\workspace\work\c\visual studio\c語言\ch6_1060927\stdafx.h : warning C4819: 檔案含有無法在目前字碼頁 (950) 中表示的字元。請以 Unicode 格式儲存檔案以防止資料遺失
c:\workspace\work\c\visual studio\c語言\ch6_1060927\targetver.h : warning C4819: 檔案含有無法在目前字碼頁 (950) 中表示的字元。請以 Unicode 格式儲存檔案以防止資料遺失
ex6_2practice_2.c(17): warning C4101: 'ans': 未參考的區域變數
  ex6_3.c
c:\workspace\work\c\visual studio\c語言\ch6_1060927\stdafx.h : warning C4819: 檔案含有無法在目前字碼頁 (950) 中表示的字元。請以 Unicode 格式儲存檔案以防止資料遺失
c:\workspace\work\c\visual studio\c語言\ch6_1060927\targetver.h : warning C4819: 檔案含有無法在目前字碼頁 (950) 中表示的字元。請以 Unicode 格式儲存檔案以防止資料遺失
  ex6_4.c
c:\workspace\work\c\visual studio\c語言\ch6_1060927\stdafx.h : warning C4819: 檔案含有無法在目前字碼頁 (950) 中表示的字元。請以 Unicode 格式儲存檔案以防止資料遺失
c:\workspace\work\c\visual studio\c語言\ch6_1060927\targetver.h : warning C4819: 檔案含有無法在目前字碼頁 (950) 中表示的字元。請以 Unicode 格式儲存檔案以防止資料遺失
  ex6_5.c
c:\workspace\work\c\visual studio\c語言\ch6_1060927\stdafx.h : warning C4819: 檔案含有無法在目前字碼頁 (950) 中表示的字元。請以 Unicode 格式儲存檔案以防止資料遺失
c:\workspace\work\c\visual studio\c語言\ch6_1060927\targetver.h : warning C4819: 檔案含有無法在目前字碼頁 (950) 中表示的字元。請以 Unicode 格式儲存檔案以防止資料遺失
  ex6_5practice.c
c:\workspace\work\c\visual studio\c語言\ch6_1060927\stdafx.h : warning C4819: 檔案含有無法在目前字碼頁 (950) 中表示的字元。請以 Unicode 格式儲存檔案以防止資料遺失
c:\workspace\work\c\visual studio\c語言\ch6_1060927\targetver.h : warning C4819: 檔案含有無法在目前字碼頁 (950) 中表示的字元。請以 Unicode 格式儲存檔案以防止資料遺失
  ex6_6.c
c:\workspace\work\c\visual studio\c語言\ch6_1060927\stdafx.h : warning C4819: 檔案含有無法在目前字碼頁 (950) 中表示的字元。請以 Unicode 格式儲存檔案以防止資料遺失
c:\workspace\work\c\visual studio\c語言\ch6_1060927\targetver.h : warning C4819: 檔案含有無法在目前字碼頁 (950) 中表示的字元。請以 Unicode 格式儲存檔案以防止資料遺失
  ex6_7.c
c:\workspace\work\c\visual studio\c語言\ch6_1060927\stdafx.h : warning C4819: 檔案含有無法在目前字碼頁 (950) 中表示的字元。請以 Unicode 格式儲存檔案以防止資料遺失
c:\workspace\work\c\visual studio\c語言\ch6_1060927\targetver.h : warning C4819: 檔案含有無法在目前字碼頁 (950) 中表示的字元。請以 Unicode 格式儲存檔案以防止資料遺失
  ex6_8.c
c:\workspace\work\c\visual studio\c語言\ch6_1060927\stdafx.h : warning C4819: 檔案含有無法在目前字碼頁 (950) 中表示的字元。請以 Unicode 格式儲存檔案以防止資料遺失
c:\workspace\work\c\visual studio\c語言\ch6_1060927\targetver.h : warning C4819: 檔案含有無法在目前字碼頁 (950) 中表示的字元。請以 Unicode 格式儲存檔案以防止資料遺失
  ex6_8practice.c
c:\workspace\work\c\visual studio\c語言\ch6_1060927\stdafx.h : warning C4819: 檔案含有無法在目前字碼頁 (950) 中表示的字元。請以 Unicode 格式儲存檔案以防止資料遺失
c:\workspace\work\c\visual studio\c語言\ch6_1060927\targetver.h : warning C4819: 檔案含有無法在目前字碼頁 (950) 中表示的字元。請以 Unicode 格式儲存檔案以防止資料遺失
  ex6_8practice_2.c
c:\workspace\work\c\visual studio\c語言\ch6_1060927\stdafx.h : warning C4819: 檔案含有無法在目前字碼頁 (950) 中表示的字元。請以 Unicode 格式儲存檔案以防止資料遺失
c:\workspace\work\c\visual studio\c語言\ch6_1060927\targetver.h : warning C4819: 檔案含有無法在目前字碼頁 (950) 中表示的字元。請以 Unicode 格式儲存檔案以防止資料遺失
  ex6_9.c
c:\workspace\work\c\visual studio\c語言\ch6_1060927\stdafx.h : warning C4819: 檔案含有無法在目前字碼頁 (950) 中表示的字元。請以 Unicode 格式儲存檔案以防止資料遺失
c:\workspace\work\c\visual studio\c語言\ch6_1060927\targetver.h : warning C4819: 檔案含有無法在目前字碼頁 (950) 中表示的字元。請以 Unicode 格式儲存檔案以防止資料遺失
  main.c
c:\workspace\work\c\visual studio\c語言\ch6_1060927\stdafx.h : warning C4819: 檔案含有無法在目前字碼頁 (950) 中表示的字元。請以 Unicode 格式儲存檔案以防止資料遺失
c:\workspace\work\c\visual studio\c語言\ch6_1060927\targetver.h : warning C4819: 檔案含有無法在目前字碼頁 (950) 中表示的字元。請以 Unicode 格式儲存檔案以防止資料遺失
  stdafx.c
stdafx.c : warning C4819: 檔案含有無法在目前字碼頁 (950) 中表示的字元。請以 Unicode 格式儲存檔案以防止資料遺失
c:\workspace\work\c\visual studio\c語言\ch6_1060927\stdafx.h : warning C4819: 檔案含有無法在目前字碼頁 (950) 中表示的字元。請以 Unicode 格式儲存檔案以防止資料遺失
c:\workspace\work\c\visual studio\c語言\ch6_1060927\targetver.h : warning C4819: 檔案含有無法在目前字碼頁 (950) 中表示的字元。請以 Unicode 格式儲存檔案以防止資料遺失
  正在產生程式碼
c:\workspace\work\c\visual studio\c語言\ch6_1060927\ex6_1practice_2.c(16): warning C4716: 'calculate': 必須傳回值
c:\workspace\work\c\visual studio\c語言\ch6_1060927\ex6_2.c(16): warning C4716: 'ex6_2': 必須傳回值
  All 45 functions were compiled because no usable IPDB/IOBJ from previous compilation was found.
  已完成程式碼產生
  ch6_1060927.vcxproj -> C:\Workspace\work\C\Visual Studio\C語言\Release\ch06_1060927.exe
  ch6_1060927.vcxproj -> C:\Workspace\work\C\Visual Studio\C語言\Release\ch06_1060927.pdb (Full PDB)
