D:\Visual Studio\Common7\IDE\VC\VCTargets\Microsoft.CppBuild.targets(387,5): warning MSB8028: 中繼目錄 (Debug\) 包含從其他專案 (ch6_1060927.vcxproj) 共用的檔案。這可能導致錯誤的清除和重建行為。
  stdafx.c
d:\106ntuta-01\work\c\visual studio\c語言\ch6_1060927\stdafx.c : warning C4819: 檔案含有無法在目前字碼頁 (950) 中表示的字元。請以 Unicode 格式儲存檔案以防止資料遺失
d:\106ntuta-01\work\c\visual studio\c語言\ch6_1060927\stdafx.h : warning C4819: 檔案含有無法在目前字碼頁 (950) 中表示的字元。請以 Unicode 格式儲存檔案以防止資料遺失
d:\106ntuta-01\work\c\visual studio\c語言\ch6_1060927\targetver.h : warning C4819: 檔案含有無法在目前字碼頁 (950) 中表示的字元。請以 Unicode 格式儲存檔案以防止資料遺失
  main.c
d:\106ntuta-01\work\c\visual studio\c語言\ch6_1060927\stdafx.h : warning C4819: 檔案含有無法在目前字碼頁 (950) 中表示的字元。請以 Unicode 格式儲存檔案以防止資料遺失
d:\106ntuta-01\work\c\visual studio\c語言\ch6_1060927\targetver.h : warning C4819: 檔案含有無法在目前字碼頁 (950) 中表示的字元。請以 Unicode 格式儲存檔案以防止資料遺失
  ex6_9.c
d:\106ntuta-01\work\c\visual studio\c語言\ch6_1060927\stdafx.h : warning C4819: 檔案含有無法在目前字碼頁 (950) 中表示的字元。請以 Unicode 格式儲存檔案以防止資料遺失
d:\106ntuta-01\work\c\visual studio\c語言\ch6_1060927\targetver.h : warning C4819: 檔案含有無法在目前字碼頁 (950) 中表示的字元。請以 Unicode 格式儲存檔案以防止資料遺失
  ex6_8practice_2.c
d:\106ntuta-01\work\c\visual studio\c語言\ch6_1060927\stdafx.h : warning C4819: 檔案含有無法在目前字碼頁 (950) 中表示的字元。請以 Unicode 格式儲存檔案以防止資料遺失
d:\106ntuta-01\work\c\visual studio\c語言\ch6_1060927\targetver.h : warning C4819: 檔案含有無法在目前字碼頁 (950) 中表示的字元。請以 Unicode 格式儲存檔案以防止資料遺失
  ex6_8practice.c
d:\106ntuta-01\work\c\visual studio\c語言\ch6_1060927\stdafx.h : warning C4819: 檔案含有無法在目前字碼頁 (950) 中表示的字元。請以 Unicode 格式儲存檔案以防止資料遺失
d:\106ntuta-01\work\c\visual studio\c語言\ch6_1060927\targetver.h : warning C4819: 檔案含有無法在目前字碼頁 (950) 中表示的字元。請以 Unicode 格式儲存檔案以防止資料遺失
  ex6_8.c
d:\106ntuta-01\work\c\visual studio\c語言\ch6_1060927\stdafx.h : warning C4819: 檔案含有無法在目前字碼頁 (950) 中表示的字元。請以 Unicode 格式儲存檔案以防止資料遺失
d:\106ntuta-01\work\c\visual studio\c語言\ch6_1060927\targetver.h : warning C4819: 檔案含有無法在目前字碼頁 (950) 中表示的字元。請以 Unicode 格式儲存檔案以防止資料遺失
  ex6_7.c
d:\106ntuta-01\work\c\visual studio\c語言\ch6_1060927\stdafx.h : warning C4819: 檔案含有無法在目前字碼頁 (950) 中表示的字元。請以 Unicode 格式儲存檔案以防止資料遺失
d:\106ntuta-01\work\c\visual studio\c語言\ch6_1060927\targetver.h : warning C4819: 檔案含有無法在目前字碼頁 (950) 中表示的字元。請以 Unicode 格式儲存檔案以防止資料遺失
  ex6_6.c
d:\106ntuta-01\work\c\visual studio\c語言\ch6_1060927\stdafx.h : warning C4819: 檔案含有無法在目前字碼頁 (950) 中表示的字元。請以 Unicode 格式儲存檔案以防止資料遺失
d:\106ntuta-01\work\c\visual studio\c語言\ch6_1060927\targetver.h : warning C4819: 檔案含有無法在目前字碼頁 (950) 中表示的字元。請以 Unicode 格式儲存檔案以防止資料遺失
  ex6_5practice.c
d:\106ntuta-01\work\c\visual studio\c語言\ch6_1060927\stdafx.h : warning C4819: 檔案含有無法在目前字碼頁 (950) 中表示的字元。請以 Unicode 格式儲存檔案以防止資料遺失
d:\106ntuta-01\work\c\visual studio\c語言\ch6_1060927\targetver.h : warning C4819: 檔案含有無法在目前字碼頁 (950) 中表示的字元。請以 Unicode 格式儲存檔案以防止資料遺失
  ex6_5.c
d:\106ntuta-01\work\c\visual studio\c語言\ch6_1060927\stdafx.h : warning C4819: 檔案含有無法在目前字碼頁 (950) 中表示的字元。請以 Unicode 格式儲存檔案以防止資料遺失
d:\106ntuta-01\work\c\visual studio\c語言\ch6_1060927\targetver.h : warning C4819: 檔案含有無法在目前字碼頁 (950) 中表示的字元。請以 Unicode 格式儲存檔案以防止資料遺失
  ex6_4.c
d:\106ntuta-01\work\c\visual studio\c語言\ch6_1060927\stdafx.h : warning C4819: 檔案含有無法在目前字碼頁 (950) 中表示的字元。請以 Unicode 格式儲存檔案以防止資料遺失
d:\106ntuta-01\work\c\visual studio\c語言\ch6_1060927\targetver.h : warning C4819: 檔案含有無法在目前字碼頁 (950) 中表示的字元。請以 Unicode 格式儲存檔案以防止資料遺失
  ex6_3.c
d:\106ntuta-01\work\c\visual studio\c語言\ch6_1060927\stdafx.h : warning C4819: 檔案含有無法在目前字碼頁 (950) 中表示的字元。請以 Unicode 格式儲存檔案以防止資料遺失
d:\106ntuta-01\work\c\visual studio\c語言\ch6_1060927\targetver.h : warning C4819: 檔案含有無法在目前字碼頁 (950) 中表示的字元。請以 Unicode 格式儲存檔案以防止資料遺失
  ex6_2practice_2.c
d:\106ntuta-01\work\c\visual studio\c語言\ch6_1060927\stdafx.h : warning C4819: 檔案含有無法在目前字碼頁 (950) 中表示的字元。請以 Unicode 格式儲存檔案以防止資料遺失
d:\106ntuta-01\work\c\visual studio\c語言\ch6_1060927\targetver.h : warning C4819: 檔案含有無法在目前字碼頁 (950) 中表示的字元。請以 Unicode 格式儲存檔案以防止資料遺失
d:\106ntuta-01\work\c\visual studio\c語言\ch6_1060927\ex6_2practice_2.c(17): warning C4101: 'ans': 未參考的區域變數
  ex6_2practice.c
d:\106ntuta-01\work\c\visual studio\c語言\ch6_1060927\stdafx.h : warning C4819: 檔案含有無法在目前字碼頁 (950) 中表示的字元。請以 Unicode 格式儲存檔案以防止資料遺失
d:\106ntuta-01\work\c\visual studio\c語言\ch6_1060927\targetver.h : warning C4819: 檔案含有無法在目前字碼頁 (950) 中表示的字元。請以 Unicode 格式儲存檔案以防止資料遺失
  ex6_2.c
d:\106ntuta-01\work\c\visual studio\c語言\ch6_1060927\stdafx.h : warning C4819: 檔案含有無法在目前字碼頁 (950) 中表示的字元。請以 Unicode 格式儲存檔案以防止資料遺失
d:\106ntuta-01\work\c\visual studio\c語言\ch6_1060927\targetver.h : warning C4819: 檔案含有無法在目前字碼頁 (950) 中表示的字元。請以 Unicode 格式儲存檔案以防止資料遺失
  ex6_1practice_2.c
d:\106ntuta-01\work\c\visual studio\c語言\ch6_1060927\stdafx.h : warning C4819: 檔案含有無法在目前字碼頁 (950) 中表示的字元。請以 Unicode 格式儲存檔案以防止資料遺失
d:\106ntuta-01\work\c\visual studio\c語言\ch6_1060927\targetver.h : warning C4819: 檔案含有無法在目前字碼頁 (950) 中表示的字元。請以 Unicode 格式儲存檔案以防止資料遺失
  ex6_1practice.c
d:\106ntuta-01\work\c\visual studio\c語言\ch6_1060927\stdafx.h : warning C4819: 檔案含有無法在目前字碼頁 (950) 中表示的字元。請以 Unicode 格式儲存檔案以防止資料遺失
d:\106ntuta-01\work\c\visual studio\c語言\ch6_1060927\targetver.h : warning C4819: 檔案含有無法在目前字碼頁 (950) 中表示的字元。請以 Unicode 格式儲存檔案以防止資料遺失
  ex6_10.c
d:\106ntuta-01\work\c\visual studio\c語言\ch6_1060927\stdafx.h : warning C4819: 檔案含有無法在目前字碼頁 (950) 中表示的字元。請以 Unicode 格式儲存檔案以防止資料遺失
d:\106ntuta-01\work\c\visual studio\c語言\ch6_1060927\targetver.h : warning C4819: 檔案含有無法在目前字碼頁 (950) 中表示的字元。請以 Unicode 格式儲存檔案以防止資料遺失
  ex6_1.c
d:\106ntuta-01\work\c\visual studio\c語言\ch6_1060927\stdafx.h : warning C4819: 檔案含有無法在目前字碼頁 (950) 中表示的字元。請以 Unicode 格式儲存檔案以防止資料遺失
d:\106ntuta-01\work\c\visual studio\c語言\ch6_1060927\targetver.h : warning C4819: 檔案含有無法在目前字碼頁 (950) 中表示的字元。請以 Unicode 格式儲存檔案以防止資料遺失
  正在產生程式碼...
d:\106ntuta-01\work\c\visual studio\c語言\ch6_1060927\ex6_1practice_2.c(16): warning C4716: 'calculate': 必須傳回值
d:\106ntuta-01\work\c\visual studio\c語言\ch6_1060927\ex6_2.c(16): warning C4716: 'ex6_2': 必須傳回值
  ch6_1060927.vcxproj -> D:\106NTUTA-01\work\C\Visual Studio\C語言\Debug\ch06_1060927.exe
