D:\Visual Studio\Common7\IDE\VC\VCTargets\Microsoft.CppBuild.targets(387,5): warning MSB8028: 中繼目錄 (Debug\) 包含從其他專案 (ch8_1061018.vcxproj) 共用的檔案。這可能導致錯誤的清除和重建行為。
  stdafx.c
d:\106ntuta-01\work\c\visual studio\c語言\ch8_1061018\stdafx.c : warning C4819: 檔案含有無法在目前字碼頁 (950) 中表示的字元。請以 Unicode 格式儲存檔案以防止資料遺失
  main.c
  ex8_4.c
  ex8_3.c
  ex8_2.c
d:\106ntuta-01\work\c\visual studio\c語言\ch8_1061018\ex8_2.c(14): warning C4129: ',': 無法辨識的字元逸出序列
d:\106ntuta-01\work\c\visual studio\c語言\ch8_1061018\ex8_2.c(15): warning C4129: ',': 無法辨識的字元逸出序列
d:\106ntuta-01\work\c\visual studio\c語言\ch8_1061018\ex8_2.c(16): warning C4129: ',': 無法辨識的字元逸出序列
d:\106ntuta-01\work\c\visual studio\c語言\ch8_1061018\ex8_2.c(18): warning C4129: ',': 無法辨識的字元逸出序列
d:\106ntuta-01\work\c\visual studio\c語言\ch8_1061018\ex8_2.c(20): warning C4129: ',': 無法辨識的字元逸出序列
  ex8_1test.c
  ex8_1practice.c
d:\106ntuta-01\work\c\visual studio\c語言\ch8_1061018\ex8_1practice.c(15): warning C4129: ',': 無法辨識的字元逸出序列
d:\106ntuta-01\work\c\visual studio\c語言\ch8_1061018\ex8_1practice.c(16): warning C4129: ',': 無法辨識的字元逸出序列
d:\106ntuta-01\work\c\visual studio\c語言\ch8_1061018\ex8_1practice.c(18): warning C4129: ',': 無法辨識的字元逸出序列
d:\106ntuta-01\work\c\visual studio\c語言\ch8_1061018\ex8_1practice.c(24): warning C4129: ',': 無法辨識的字元逸出序列
  ex8_1debug.c
  ex8_1.c
d:\106ntuta-01\work\c\visual studio\c語言\ch8_1061018\ex8_1.c(13): warning C4129: ',': 無法辨識的字元逸出序列
d:\106ntuta-01\work\c\visual studio\c語言\ch8_1061018\ex8_1.c(14): warning C4129: ',': 無法辨識的字元逸出序列
d:\106ntuta-01\work\c\visual studio\c語言\ch8_1061018\ex8_1.c(16): warning C4129: ',': 無法辨識的字元逸出序列
d:\106ntuta-01\work\c\visual studio\c語言\ch8_1061018\ex8_1.c(18): warning C4129: ',': 無法辨識的字元逸出序列
  正在產生程式碼...
  ch8_1061018.vcxproj -> D:\106NTUTA-01\work\C\Visual Studio\C語言\Debug\ch08_1061018.exe
